<?xml version="1.0" encoding="UTF-8"?>
<robot generator="Robot 3.0.4 (Python 3.6.4 on darwin)" generated="20190130 19:34:05.301">
<suite id="s1" name="Launch" source="/Users/ronharley/AutomatedTests/QAChallenge/Central/Launch.robot">
<test id="s1-t1" name="Navigate to Page">
<kw name="Begin Web Test" library="Common" type="setup">
<kw name="Open Browser" library="SeleniumLibrary">
<doc>Opens a new browser instance to the given ``url``.</doc>
<arguments>
<arg>about:blank</arg>
<arg>${BROWSER}</arg>
</arguments>
<msg timestamp="20190130 19:34:05.428" level="INFO">Opening browser 'chrome' to base url 'about:blank'.</msg>
<status status="PASS" starttime="20190130 19:34:05.428" endtime="20190130 19:34:07.268"></status>
</kw>
<status status="PASS" starttime="20190130 19:34:05.428" endtime="20190130 19:34:07.269"></status>
</kw>
<kw name="Log To Console" library="BuiltIn">
<doc>Logs the given message to the console.</doc>
<arguments>
<arg>Navigating to QA Challenge</arg>
</arguments>
<status status="PASS" starttime="20190130 19:34:07.269" endtime="20190130 19:34:07.270"></status>
</kw>
<kw name="Navigate to Login Page" library="DashboardWorkflow">
<tags>
<tag>Go to Paylocity QA Challenge</tag>
</tags>
<kw name="Log To Console" library="BuiltIn">
<doc>Logs the given message to the console.</doc>
<arguments>
<arg>Navigating to the QA Challenge</arg>
</arguments>
<status status="PASS" starttime="20190130 19:34:07.271" endtime="20190130 19:34:07.271"></status>
</kw>
<kw name="Go To" library="SeleniumLibrary">
<doc>Navigates the active browser instance to the provided ``url``.</doc>
<arguments>
<arg>${QAChallenge}</arg>
</arguments>
<msg timestamp="20190130 19:34:07.271" level="INFO">Opening url 'file:///Users/ronharley/Downloads/Paylocity%20QA%20Interview%20Challenge/login.html'</msg>
<status status="PASS" starttime="20190130 19:34:07.271" endtime="20190130 19:34:07.519"></status>
</kw>
<kw name="Maximize Browser Window" library="SeleniumLibrary">
<doc>Maximizes current browser window.</doc>
<status status="PASS" starttime="20190130 19:34:07.520" endtime="20190130 19:34:07.672"></status>
</kw>
<kw name="Capture Page Screenshot" library="SeleniumLibrary">
<doc>Takes screenshot of the current page and embeds it into log file.</doc>
<msg timestamp="20190130 19:34:08.197" level="INFO" html="yes">&lt;/td&gt;&lt;/tr&gt;&lt;tr&gt;&lt;td colspan="3"&gt;&lt;a href="selenium-screenshot-54.png"&gt;&lt;img src="selenium-screenshot-54.png" width="800px"&gt;&lt;/a&gt;</msg>
<status status="PASS" starttime="20190130 19:34:07.672" endtime="20190130 19:34:08.197"></status>
</kw>
<status status="PASS" starttime="20190130 19:34:07.270" endtime="20190130 19:34:08.197"></status>
</kw>
<kw name="End Web Test" library="Common" type="teardown">
<kw name="Close Browser" library="SeleniumLibrary">
<doc>Closes the current browser.</doc>
<status status="PASS" starttime="20190130 19:34:08.198" endtime="20190130 19:34:08.264"></status>
</kw>
<status status="PASS" starttime="20190130 19:34:08.198" endtime="20190130 19:34:08.264"></status>
</kw>
<status status="PASS" starttime="20190130 19:34:05.427" endtime="20190130 19:34:08.265" critical="yes"></status>
</test>
<test id="s1-t2" name="Enter Invalid Credentials">
<kw name="Begin Web Test" library="Common" type="setup">
<kw name="Open Browser" library="SeleniumLibrary">
<doc>Opens a new browser instance to the given ``url``.</doc>
<arguments>
<arg>about:blank</arg>
<arg>${BROWSER}</arg>
</arguments>
<msg timestamp="20190130 19:34:08.267" level="INFO">Opening browser 'chrome' to base url 'about:blank'.</msg>
<status status="PASS" starttime="20190130 19:34:08.266" endtime="20190130 19:34:10.050"></status>
</kw>
<status status="PASS" starttime="20190130 19:34:08.266" endtime="20190130 19:34:10.050"></status>
</kw>
<kw name="Log To Console" library="BuiltIn">
<doc>Logs the given message to the console.</doc>
<arguments>
<arg>Enter Invalid Credentials</arg>
</arguments>
<status status="PASS" starttime="20190130 19:34:10.051" endtime="20190130 19:34:10.051"></status>
</kw>
<kw name="Navigate to Login Page" library="DashboardWorkflow">
<tags>
<tag>Go to Paylocity QA Challenge</tag>
</tags>
<kw name="Log To Console" library="BuiltIn">
<doc>Logs the given message to the console.</doc>
<arguments>
<arg>Navigating to the QA Challenge</arg>
</arguments>
<status status="PASS" starttime="20190130 19:34:10.053" endtime="20190130 19:34:10.053"></status>
</kw>
<kw name="Go To" library="SeleniumLibrary">
<doc>Navigates the active browser instance to the provided ``url``.</doc>
<arguments>
<arg>${QAChallenge}</arg>
</arguments>
<msg timestamp="20190130 19:34:10.054" level="INFO">Opening url 'file:///Users/ronharley/Downloads/Paylocity%20QA%20Interview%20Challenge/login.html'</msg>
<status status="PASS" starttime="20190130 19:34:10.053" endtime="20190130 19:34:10.241"></status>
</kw>
<kw name="Maximize Browser Window" library="SeleniumLibrary">
<doc>Maximizes current browser window.</doc>
<status status="PASS" starttime="20190130 19:34:10.241" endtime="20190130 19:34:10.536"></status>
</kw>
<kw name="Capture Page Screenshot" library="SeleniumLibrary">
<doc>Takes screenshot of the current page and embeds it into log file.</doc>
<msg timestamp="20190130 19:34:11.083" level="INFO" html="yes">&lt;/td&gt;&lt;/tr&gt;&lt;tr&gt;&lt;td colspan="3"&gt;&lt;a href="selenium-screenshot-55.png"&gt;&lt;img src="selenium-screenshot-55.png" width="800px"&gt;&lt;/a&gt;</msg>
<status status="PASS" starttime="20190130 19:34:10.536" endtime="20190130 19:34:11.083"></status>
</kw>
<status status="PASS" starttime="20190130 19:34:10.051" endtime="20190130 19:34:11.083"></status>
</kw>
<kw name="Enter Invaild Credentials" library="DashboardWorkflow">
<tags>
<tag>Enter Invalid Credentials</tag>
</tags>
<kw name="Log To Console" library="BuiltIn">
<doc>Logs the given message to the console.</doc>
<arguments>
<arg>Submitting an empty form</arg>
</arguments>
<status status="PASS" starttime="20190130 19:34:11.084" endtime="20190130 19:34:11.084"></status>
</kw>
<kw name="Wait Until Element Is Visible" library="SeleniumLibrary">
<doc>Waits until element ``locator`` is visible.</doc>
<arguments>
<arg>${LoginButton}</arg>
<arg>5</arg>
</arguments>
<status status="PASS" starttime="20190130 19:34:11.084" endtime="20190130 19:34:11.108"></status>
</kw>
<kw name="Click Button" library="SeleniumLibrary">
<doc>Clicks button identified by ``locator``.</doc>
<arguments>
<arg>${LoginButton}</arg>
</arguments>
<msg timestamp="20190130 19:34:11.108" level="INFO">Clicking button '//button[@type='submit'][contains(.,'Login')]'.</msg>
<status status="PASS" starttime="20190130 19:34:11.108" endtime="20190130 19:34:11.173"></status>
</kw>
<kw name="Wait Until Element Is Visible" library="SeleniumLibrary">
<doc>Waits until element ``locator`` is visible.</doc>
<arguments>
<arg>${InvalidAttempt}</arg>
<arg>5</arg>
</arguments>
<status status="PASS" starttime="20190130 19:34:11.174" endtime="20190130 19:34:11.198"></status>
</kw>
<kw name="Click Element" library="SeleniumLibrary">
<doc>Click element identified by ``locator``.</doc>
<arguments>
<arg>${UserNameField}</arg>
</arguments>
<msg timestamp="20190130 19:34:11.199" level="INFO">Clicking element '//input[@name='form-username']'.</msg>
<status status="PASS" starttime="20190130 19:34:11.199" endtime="20190130 19:34:11.256"></status>
</kw>
<kw name="Input Text" library="SeleniumLibrary">
<doc>Types the given ``text`` into text field identified by ``locator``.</doc>
<arguments>
<arg>${UserNameField}</arg>
<arg>test</arg>
</arguments>
<msg timestamp="20190130 19:34:11.257" level="INFO">Typing text 'test' into text field '//input[@name='form-username']'.</msg>
<status status="PASS" starttime="20190130 19:34:11.257" endtime="20190130 19:34:11.332"></status>
</kw>
<kw name="Click Element" library="SeleniumLibrary">
<doc>Click element identified by ``locator``.</doc>
<arguments>
<arg>${PasswordField}</arg>
</arguments>
<msg timestamp="20190130 19:34:11.332" level="INFO">Clicking element '//input[@name='form-password']'.</msg>
<status status="PASS" starttime="20190130 19:34:11.332" endtime="20190130 19:34:11.383"></status>
</kw>
<kw name="Input Text" library="SeleniumLibrary">
<doc>Types the given ``text`` into text field identified by ``locator``.</doc>
<arguments>
<arg>${PasswordField}</arg>
<arg>test</arg>
</arguments>
<msg timestamp="20190130 19:34:11.384" level="INFO">Typing text 'test' into text field '//input[@name='form-password']'.</msg>
<status status="PASS" starttime="20190130 19:34:11.383" endtime="20190130 19:34:11.432"></status>
</kw>
<kw name="Click Button" library="SeleniumLibrary">
<doc>Clicks button identified by ``locator``.</doc>
<arguments>
<arg>${LoginButton}</arg>
</arguments>
<msg timestamp="20190130 19:34:11.433" level="INFO">Clicking button '//button[@type='submit'][contains(.,'Login')]'.</msg>
<status status="PASS" starttime="20190130 19:34:11.432" endtime="20190130 19:34:11.486"></status>
</kw>
<status status="PASS" starttime="20190130 19:34:11.084" endtime="20190130 19:34:11.486"></status>
</kw>
<kw name="End Web Test" library="Common" type="teardown">
<kw name="Close Browser" library="SeleniumLibrary">
<doc>Closes the current browser.</doc>
<status status="PASS" starttime="20190130 19:34:11.487" endtime="20190130 19:34:11.556"></status>
</kw>
<status status="PASS" starttime="20190130 19:34:11.486" endtime="20190130 19:34:11.556"></status>
</kw>
<status status="PASS" starttime="20190130 19:34:08.265" endtime="20190130 19:34:11.556" critical="yes"></status>
</test>
<test id="s1-t3" name="Enter Valid Credentials">
<kw name="Begin Web Test" library="Common" type="setup">
<kw name="Open Browser" library="SeleniumLibrary">
<doc>Opens a new browser instance to the given ``url``.</doc>
<arguments>
<arg>about:blank</arg>
<arg>${BROWSER}</arg>
</arguments>
<msg timestamp="20190130 19:34:11.558" level="INFO">Opening browser 'chrome' to base url 'about:blank'.</msg>
<status status="PASS" starttime="20190130 19:34:11.558" endtime="20190130 19:34:13.350"></status>
</kw>
<status status="PASS" starttime="20190130 19:34:11.557" endtime="20190130 19:34:13.350"></status>
</kw>
<kw name="Log To Console" library="BuiltIn">
<doc>Logs the given message to the console.</doc>
<arguments>
<arg>Enter Valid Credentials</arg>
</arguments>
<status status="PASS" starttime="20190130 19:34:13.350" endtime="20190130 19:34:13.351"></status>
</kw>
<kw name="Navigate to Login Page" library="DashboardWorkflow">
<tags>
<tag>Go to Paylocity QA Challenge</tag>
</tags>
<kw name="Log To Console" library="BuiltIn">
<doc>Logs the given message to the console.</doc>
<arguments>
<arg>Navigating to the QA Challenge</arg>
</arguments>
<status status="PASS" starttime="20190130 19:34:13.351" endtime="20190130 19:34:13.352"></status>
</kw>
<kw name="Go To" library="SeleniumLibrary">
<doc>Navigates the active browser instance to the provided ``url``.</doc>
<arguments>
<arg>${QAChallenge}</arg>
</arguments>
<msg timestamp="20190130 19:34:13.352" level="INFO">Opening url 'file:///Users/ronharley/Downloads/Paylocity%20QA%20Interview%20Challenge/login.html'</msg>
<status status="PASS" starttime="20190130 19:34:13.352" endtime="20190130 19:34:13.546"></status>
</kw>
<kw name="Maximize Browser Window" library="SeleniumLibrary">
<doc>Maximizes current browser window.</doc>
<status status="PASS" starttime="20190130 19:34:13.546" endtime="20190130 19:34:13.833"></status>
</kw>
<kw name="Capture Page Screenshot" library="SeleniumLibrary">
<doc>Takes screenshot of the current page and embeds it into log file.</doc>
<msg timestamp="20190130 19:34:14.354" level="INFO" html="yes">&lt;/td&gt;&lt;/tr&gt;&lt;tr&gt;&lt;td colspan="3"&gt;&lt;a href="selenium-screenshot-56.png"&gt;&lt;img src="selenium-screenshot-56.png" width="800px"&gt;&lt;/a&gt;</msg>
<status status="PASS" starttime="20190130 19:34:13.834" endtime="20190130 19:34:14.354"></status>
</kw>
<status status="PASS" starttime="20190130 19:34:13.351" endtime="20190130 19:34:14.355"></status>
</kw>
<kw name="Enter Valid Credentials" library="DashboardWorkflow">
<tags>
<tag>Enter Valid Credentials</tag>
</tags>
<kw name="Log To Console" library="BuiltIn">
<doc>Logs the given message to the console.</doc>
<arguments>
<arg>Submitting w/ valid credentials</arg>
</arguments>
<status status="PASS" starttime="20190130 19:34:14.355" endtime="20190130 19:34:14.355"></status>
</kw>
<kw name="Click Element" library="SeleniumLibrary">
<doc>Click element identified by ``locator``.</doc>
<arguments>
<arg>${UserNameField}</arg>
</arguments>
<msg timestamp="20190130 19:34:14.356" level="INFO">Clicking element '//input[@name='form-username']'.</msg>
<status status="PASS" starttime="20190130 19:34:14.355" endtime="20190130 19:34:14.408"></status>
</kw>
<kw name="Input Text" library="SeleniumLibrary">
<doc>Types the given ``text`` into text field identified by ``locator``.</doc>
<arguments>
<arg>${UserNameField}</arg>
<arg>testUser</arg>
</arguments>
<msg timestamp="20190130 19:34:14.409" level="INFO">Typing text 'testUser' into text field '//input[@name='form-username']'.</msg>
<status status="PASS" starttime="20190130 19:34:14.408" endtime="20190130 19:34:14.494"></status>
</kw>
<kw name="Click Element" library="SeleniumLibrary">
<doc>Click element identified by ``locator``.</doc>
<arguments>
<arg>${PasswordField}</arg>
</arguments>
<msg timestamp="20190130 19:34:14.495" level="INFO">Clicking element '//input[@name='form-password']'.</msg>
<status status="PASS" starttime="20190130 19:34:14.494" endtime="20190130 19:34:14.551"></status>
</kw>
<kw name="Input Text" library="SeleniumLibrary">
<doc>Types the given ``text`` into text field identified by ``locator``.</doc>
<arguments>
<arg>${PasswordField}</arg>
<arg>Test1234</arg>
</arguments>
<msg timestamp="20190130 19:34:14.552" level="INFO">Typing text 'Test1234' into text field '//input[@name='form-password']'.</msg>
<status status="PASS" starttime="20190130 19:34:14.552" endtime="20190130 19:34:14.608"></status>
</kw>
<kw name="Click Button" library="SeleniumLibrary">
<doc>Clicks button identified by ``locator``.</doc>
<arguments>
<arg>${LoginButton}</arg>
</arguments>
<msg timestamp="20190130 19:34:14.609" level="INFO">Clicking button '//button[@type='submit'][contains(.,'Login')]'.</msg>
<status status="PASS" starttime="20190130 19:34:14.608" endtime="20190130 19:34:14.818"></status>
</kw>
<status status="PASS" starttime="20190130 19:34:14.355" endtime="20190130 19:34:14.818"></status>
</kw>
<kw name="End Web Test" library="Common" type="teardown">
<kw name="Close Browser" library="SeleniumLibrary">
<doc>Closes the current browser.</doc>
<status status="PASS" starttime="20190130 19:34:14.818" endtime="20190130 19:34:14.886"></status>
</kw>
<status status="PASS" starttime="20190130 19:34:14.818" endtime="20190130 19:34:14.886"></status>
</kw>
<status status="PASS" starttime="20190130 19:34:11.557" endtime="20190130 19:34:14.886" critical="yes"></status>
</test>
<test id="s1-t4" name="Edit An Employee">
<kw name="Begin Web Test" library="Common" type="setup">
<kw name="Open Browser" library="SeleniumLibrary">
<doc>Opens a new browser instance to the given ``url``.</doc>
<arguments>
<arg>about:blank</arg>
<arg>${BROWSER}</arg>
</arguments>
<msg timestamp="20190130 19:34:14.888" level="INFO">Opening browser 'chrome' to base url 'about:blank'.</msg>
<status status="PASS" starttime="20190130 19:34:14.888" endtime="20190130 19:34:16.659"></status>
</kw>
<status status="PASS" starttime="20190130 19:34:14.887" endtime="20190130 19:34:16.659"></status>
</kw>
<kw name="Log To Console" library="BuiltIn">
<doc>Logs the given message to the console.</doc>
<arguments>
<arg>Edit An Employee</arg>
</arguments>
<status status="PASS" starttime="20190130 19:34:16.660" endtime="20190130 19:34:16.660"></status>
</kw>
<kw name="Navigate to Login Page" library="DashboardWorkflow">
<tags>
<tag>Go to Paylocity QA Challenge</tag>
</tags>
<kw name="Log To Console" library="BuiltIn">
<doc>Logs the given message to the console.</doc>
<arguments>
<arg>Navigating to the QA Challenge</arg>
</arguments>
<status status="PASS" starttime="20190130 19:34:16.661" endtime="20190130 19:34:16.661"></status>
</kw>
<kw name="Go To" library="SeleniumLibrary">
<doc>Navigates the active browser instance to the provided ``url``.</doc>
<arguments>
<arg>${QAChallenge}</arg>
</arguments>
<msg timestamp="20190130 19:34:16.661" level="INFO">Opening url 'file:///Users/ronharley/Downloads/Paylocity%20QA%20Interview%20Challenge/login.html'</msg>
<status status="PASS" starttime="20190130 19:34:16.661" endtime="20190130 19:34:16.907"></status>
</kw>
<kw name="Maximize Browser Window" library="SeleniumLibrary">
<doc>Maximizes current browser window.</doc>
<status status="PASS" starttime="20190130 19:34:16.907" endtime="20190130 19:34:17.053"></status>
</kw>
<kw name="Capture Page Screenshot" library="SeleniumLibrary">
<doc>Takes screenshot of the current page and embeds it into log file.</doc>
<msg timestamp="20190130 19:34:17.580" level="INFO" html="yes">&lt;/td&gt;&lt;/tr&gt;&lt;tr&gt;&lt;td colspan="3"&gt;&lt;a href="selenium-screenshot-57.png"&gt;&lt;img src="selenium-screenshot-57.png" width="800px"&gt;&lt;/a&gt;</msg>
<status status="PASS" starttime="20190130 19:34:17.053" endtime="20190130 19:34:17.580"></status>
</kw>
<status status="PASS" starttime="20190130 19:34:16.660" endtime="20190130 19:34:17.580"></status>
</kw>
<kw name="Enter Valid Credentials" library="DashboardWorkflow">
<tags>
<tag>Enter Valid Credentials</tag>
</tags>
<kw name="Log To Console" library="BuiltIn">
<doc>Logs the given message to the console.</doc>
<arguments>
<arg>Submitting w/ valid credentials</arg>
</arguments>
<status status="PASS" starttime="20190130 19:34:17.581" endtime="20190130 19:34:17.581"></status>
</kw>
<kw name="Click Element" library="SeleniumLibrary">
<doc>Click element identified by ``locator``.</doc>
<arguments>
<arg>${UserNameField}</arg>
</arguments>
<msg timestamp="20190130 19:34:17.581" level="INFO">Clicking element '//input[@name='form-username']'.</msg>
<status status="PASS" starttime="20190130 19:34:17.581" endtime="20190130 19:34:17.635"></status>
</kw>
<kw name="Input Text" library="SeleniumLibrary">
<doc>Types the given ``text`` into text field identified by ``locator``.</doc>
<arguments>
<arg>${UserNameField}</arg>
<arg>testUser</arg>
</arguments>
<msg timestamp="20190130 19:34:17.636" level="INFO">Typing text 'testUser' into text field '//input[@name='form-username']'.</msg>
<status status="PASS" starttime="20190130 19:34:17.635" endtime="20190130 19:34:17.723"></status>
</kw>
<kw name="Click Element" library="SeleniumLibrary">
<doc>Click element identified by ``locator``.</doc>
<arguments>
<arg>${PasswordField}</arg>
</arguments>
<msg timestamp="20190130 19:34:17.723" level="INFO">Clicking element '//input[@name='form-password']'.</msg>
<status status="PASS" starttime="20190130 19:34:17.723" endtime="20190130 19:34:17.784"></status>
</kw>
<kw name="Input Text" library="SeleniumLibrary">
<doc>Types the given ``text`` into text field identified by ``locator``.</doc>
<arguments>
<arg>${PasswordField}</arg>
<arg>Test1234</arg>
</arguments>
<msg timestamp="20190130 19:34:17.785" level="INFO">Typing text 'Test1234' into text field '//input[@name='form-password']'.</msg>
<status status="PASS" starttime="20190130 19:34:17.785" endtime="20190130 19:34:17.841"></status>
</kw>
<kw name="Click Button" library="SeleniumLibrary">
<doc>Clicks button identified by ``locator``.</doc>
<arguments>
<arg>${LoginButton}</arg>
</arguments>
<msg timestamp="20190130 19:34:17.842" level="INFO">Clicking button '//button[@type='submit'][contains(.,'Login')]'.</msg>
<status status="PASS" starttime="20190130 19:34:17.841" endtime="20190130 19:34:18.056"></status>
</kw>
<status status="PASS" starttime="20190130 19:34:17.580" endtime="20190130 19:34:18.056"></status>
</kw>
<kw name="Edit An Employee" library="DashboardWorkflow">
<tags>
<tag>Edit An Employee</tag>
</tags>
<kw name="Log To Console" library="BuiltIn">
<doc>Logs the given message to the console.</doc>
<arguments>
<arg>Edit An Employee</arg>
</arguments>
<status status="PASS" starttime="20190130 19:34:18.057" endtime="20190130 19:34:18.057"></status>
</kw>
<kw name="Click Element" library="SeleniumLibrary">
<doc>Click element identified by ``locator``.</doc>
<arguments>
<arg>${EditEmployee}</arg>
</arguments>
<msg timestamp="20190130 19:34:18.057" level="INFO">Clicking element '//span[contains(@class,'glyphicon glyphicon-wrench')]'.</msg>
<status status="PASS" starttime="20190130 19:34:18.057" endtime="20190130 19:34:18.124"></status>
</kw>
<kw name="Wait Until Element Is Visible" library="SeleniumLibrary">
<doc>Waits until element ``locator`` is visible.</doc>
<arguments>
<arg>${AddEmployeeHeader}</arg>
<arg>5</arg>
</arguments>
<status status="PASS" starttime="20190130 19:34:18.125" endtime="20190130 19:34:18.362"></status>
</kw>
<kw name="Click Element" library="SeleniumLibrary">
<doc>Click element identified by ``locator``.</doc>
<arguments>
<arg>${AddFirstName}</arg>
</arguments>
<msg timestamp="20190130 19:34:18.362" level="INFO">Clicking element '(//input[contains(@type,'text')])[1]'.</msg>
<status status="PASS" starttime="20190130 19:34:18.362" endtime="20190130 19:34:18.425"></status>
</kw>
<kw name="Input Text" library="SeleniumLibrary">
<doc>Types the given ``text`` into text field identified by ``locator``.</doc>
<arguments>
<arg>${AddFirstName}</arg>
<arg>Edit First</arg>
</arguments>
<msg timestamp="20190130 19:34:18.425" level="INFO">Typing text 'Edit First' into text field '(//input[contains(@type,'text')])[1]'.</msg>
<status status="PASS" starttime="20190130 19:34:18.425" endtime="20190130 19:34:18.491"></status>
</kw>
<kw name="Click Element" library="SeleniumLibrary">
<doc>Click element identified by ``locator``.</doc>
<arguments>
<arg>${AddLastName}</arg>
</arguments>
<msg timestamp="20190130 19:34:18.491" level="INFO">Clicking element '(//input[contains(@type,'text')])[2]'.</msg>
<status status="PASS" starttime="20190130 19:34:18.491" endtime="20190130 19:34:18.551"></status>
</kw>
<kw name="Input Text" library="SeleniumLibrary">
<doc>Types the given ``text`` into text field identified by ``locator``.</doc>
<arguments>
<arg>${AddLastName}</arg>
<arg>Edit Last</arg>
</arguments>
<msg timestamp="20190130 19:34:18.552" level="INFO">Typing text 'Edit Last' into text field '(//input[contains(@type,'text')])[2]'.</msg>
<status status="PASS" starttime="20190130 19:34:18.552" endtime="20190130 19:34:18.627"></status>
</kw>
<kw name="Click Button" library="SeleniumLibrary">
<doc>Clicks button identified by ``locator``.</doc>
<arguments>
<arg>${SubmitButton}</arg>
</arguments>
<msg timestamp="20190130 19:34:18.627" level="INFO">Clicking button '//button[@type='button'][contains(.,'Submit')]'.</msg>
<status status="PASS" starttime="20190130 19:34:18.627" endtime="20190130 19:34:18.706"></status>
</kw>
<kw name="Wait Until Element Is Visible" library="SeleniumLibrary">
<doc>Waits until element ``locator`` is visible.</doc>
<arguments>
<arg>${FirstNameEdit}</arg>
<arg>4</arg>
</arguments>
<status status="PASS" starttime="20190130 19:34:18.707" endtime="20190130 19:34:18.729"></status>
</kw>
<kw name="Wait Until Element Is Visible" library="SeleniumLibrary">
<doc>Waits until element ``locator`` is visible.</doc>
<arguments>
<arg>${LastNameEdit}</arg>
<arg>4</arg>
</arguments>
<status status="PASS" starttime="20190130 19:34:18.730" endtime="20190130 19:34:18.751"></status>
</kw>
<kw name="Wait Until Element Is Visible" library="SeleniumLibrary">
<doc>Waits until element ``locator`` is visible.</doc>
<arguments>
<arg>${1DependantBeneCost}</arg>
<arg>4</arg>
</arguments>
<status status="PASS" starttime="20190130 19:34:18.752" endtime="20190130 19:34:18.773"></status>
</kw>
<kw name="Capture Page Screenshot" library="SeleniumLibrary">
<doc>Takes screenshot of the current page and embeds it into log file.</doc>
<msg timestamp="20190130 19:34:19.221" level="INFO" html="yes">&lt;/td&gt;&lt;/tr&gt;&lt;tr&gt;&lt;td colspan="3"&gt;&lt;a href="selenium-screenshot-58.png"&gt;&lt;img src="selenium-screenshot-58.png" width="800px"&gt;&lt;/a&gt;</msg>
<status status="PASS" starttime="20190130 19:34:18.773" endtime="20190130 19:34:19.221"></status>
</kw>
<status status="PASS" starttime="20190130 19:34:18.056" endtime="20190130 19:34:19.221"></status>
</kw>
<kw name="End Web Test" library="Common" type="teardown">
<kw name="Close Browser" library="SeleniumLibrary">
<doc>Closes the current browser.</doc>
<status status="PASS" starttime="20190130 19:34:19.222" endtime="20190130 19:34:19.289"></status>
</kw>
<status status="PASS" starttime="20190130 19:34:19.222" endtime="20190130 19:34:19.289"></status>
</kw>
<status status="PASS" starttime="20190130 19:34:14.887" endtime="20190130 19:34:19.289" critical="yes"></status>
</test>
<test id="s1-t5" name="Delete An Employee">
<kw name="Begin Web Test" library="Common" type="setup">
<kw name="Open Browser" library="SeleniumLibrary">
<doc>Opens a new browser instance to the given ``url``.</doc>
<arguments>
<arg>about:blank</arg>
<arg>${BROWSER}</arg>
</arguments>
<msg timestamp="20190130 19:34:19.291" level="INFO">Opening browser 'chrome' to base url 'about:blank'.</msg>
<status status="PASS" starttime="20190130 19:34:19.291" endtime="20190130 19:34:21.064"></status>
</kw>
<status status="PASS" starttime="20190130 19:34:19.291" endtime="20190130 19:34:21.064"></status>
</kw>
<kw name="Log To Console" library="BuiltIn">
<doc>Logs the given message to the console.</doc>
<arguments>
<arg>Delete An Employee</arg>
</arguments>
<status status="PASS" starttime="20190130 19:34:21.065" endtime="20190130 19:34:21.065"></status>
</kw>
<kw name="Navigate to Login Page" library="DashboardWorkflow">
<tags>
<tag>Go to Paylocity QA Challenge</tag>
</tags>
<kw name="Log To Console" library="BuiltIn">
<doc>Logs the given message to the console.</doc>
<arguments>
<arg>Navigating to the QA Challenge</arg>
</arguments>
<status status="PASS" starttime="20190130 19:34:21.066" endtime="20190130 19:34:21.066"></status>
</kw>
<kw name="Go To" library="SeleniumLibrary">
<doc>Navigates the active browser instance to the provided ``url``.</doc>
<arguments>
<arg>${QAChallenge}</arg>
</arguments>
<msg timestamp="20190130 19:34:21.067" level="INFO">Opening url 'file:///Users/ronharley/Downloads/Paylocity%20QA%20Interview%20Challenge/login.html'</msg>
<status status="PASS" starttime="20190130 19:34:21.066" endtime="20190130 19:34:21.276"></status>
</kw>
<kw name="Maximize Browser Window" library="SeleniumLibrary">
<doc>Maximizes current browser window.</doc>
<status status="PASS" starttime="20190130 19:34:21.276" endtime="20190130 19:34:21.451"></status>
</kw>
<kw name="Capture Page Screenshot" library="SeleniumLibrary">
<doc>Takes screenshot of the current page and embeds it into log file.</doc>
<msg timestamp="20190130 19:34:21.967" level="INFO" html="yes">&lt;/td&gt;&lt;/tr&gt;&lt;tr&gt;&lt;td colspan="3"&gt;&lt;a href="selenium-screenshot-59.png"&gt;&lt;img src="selenium-screenshot-59.png" width="800px"&gt;&lt;/a&gt;</msg>
<status status="PASS" starttime="20190130 19:34:21.452" endtime="20190130 19:34:21.967"></status>
</kw>
<status status="PASS" starttime="20190130 19:34:21.066" endtime="20190130 19:34:21.967"></status>
</kw>
<kw name="Enter Valid Credentials" library="DashboardWorkflow">
<tags>
<tag>Enter Valid Credentials</tag>
</tags>
<kw name="Log To Console" library="BuiltIn">
<doc>Logs the given message to the console.</doc>
<arguments>
<arg>Submitting w/ valid credentials</arg>
</arguments>
<status status="PASS" starttime="20190130 19:34:21.968" endtime="20190130 19:34:21.968"></status>
</kw>
<kw name="Click Element" library="SeleniumLibrary">
<doc>Click element identified by ``locator``.</doc>
<arguments>
<arg>${UserNameField}</arg>
</arguments>
<msg timestamp="20190130 19:34:21.968" level="INFO">Clicking element '//input[@name='form-username']'.</msg>
<status status="PASS" starttime="20190130 19:34:21.968" endtime="20190130 19:34:22.023"></status>
</kw>
<kw name="Input Text" library="SeleniumLibrary">
<doc>Types the given ``text`` into text field identified by ``locator``.</doc>
<arguments>
<arg>${UserNameField}</arg>
<arg>testUser</arg>
</arguments>
<msg timestamp="20190130 19:34:22.024" level="INFO">Typing text 'testUser' into text field '//input[@name='form-username']'.</msg>
<status status="PASS" starttime="20190130 19:34:22.023" endtime="20190130 19:34:22.108"></status>
</kw>
<kw name="Click Element" library="SeleniumLibrary">
<doc>Click element identified by ``locator``.</doc>
<arguments>
<arg>${PasswordField}</arg>
</arguments>
<msg timestamp="20190130 19:34:22.108" level="INFO">Clicking element '//input[@name='form-password']'.</msg>
<status status="PASS" starttime="20190130 19:34:22.108" endtime="20190130 19:34:22.170"></status>
</kw>
<kw name="Input Text" library="SeleniumLibrary">
<doc>Types the given ``text`` into text field identified by ``locator``.</doc>
<arguments>
<arg>${PasswordField}</arg>
<arg>Test1234</arg>
</arguments>
<msg timestamp="20190130 19:34:22.170" level="INFO">Typing text 'Test1234' into text field '//input[@name='form-password']'.</msg>
<status status="PASS" starttime="20190130 19:34:22.170" endtime="20190130 19:34:22.226"></status>
</kw>
<kw name="Click Button" library="SeleniumLibrary">
<doc>Clicks button identified by ``locator``.</doc>
<arguments>
<arg>${LoginButton}</arg>
</arguments>
<msg timestamp="20190130 19:34:22.226" level="INFO">Clicking button '//button[@type='submit'][contains(.,'Login')]'.</msg>
<status status="PASS" starttime="20190130 19:34:22.226" endtime="20190130 19:34:22.440"></status>
</kw>
<status status="PASS" starttime="20190130 19:34:21.967" endtime="20190130 19:34:22.440"></status>
</kw>
<kw name="Delete An Employee" library="DashboardWorkflow">
<tags>
<tag>Delete An Employee</tag>
</tags>
<kw name="Log To Console" library="BuiltIn">
<doc>Logs the given message to the console.</doc>
<arguments>
<arg>Delete An Employee</arg>
</arguments>
<status status="PASS" starttime="20190130 19:34:22.441" endtime="20190130 19:34:22.441"></status>
</kw>
<kw name="Click Element" library="SeleniumLibrary">
<doc>Click element identified by ``locator``.</doc>
<arguments>
<arg>${DeleteEmployeeButton}</arg>
</arguments>
<msg timestamp="20190130 19:34:22.441" level="INFO">Clicking element '//span[contains(@title,'Delete')]'.</msg>
<status status="PASS" starttime="20190130 19:34:22.441" endtime="20190130 19:34:22.503"></status>
</kw>
<kw name="Wait Until Element Is Not Visible" library="SeleniumLibrary">
<doc>Waits until element ``locator`` is not visible.</doc>
<arguments>
<arg>${DeleteEmployeeButton}</arg>
<arg>10</arg>
</arguments>
<status status="PASS" starttime="20190130 19:34:22.503" endtime="20190130 19:34:25.573"></status>
</kw>
<kw name="Capture Page Screenshot" library="SeleniumLibrary">
<doc>Takes screenshot of the current page and embeds it into log file.</doc>
<msg timestamp="20190130 19:34:25.999" level="INFO" html="yes">&lt;/td&gt;&lt;/tr&gt;&lt;tr&gt;&lt;td colspan="3"&gt;&lt;a href="selenium-screenshot-60.png"&gt;&lt;img src="selenium-screenshot-60.png" width="800px"&gt;&lt;/a&gt;</msg>
<status status="PASS" starttime="20190130 19:34:25.573" endtime="20190130 19:34:25.999"></status>
</kw>
<status status="PASS" starttime="20190130 19:34:22.441" endtime="20190130 19:34:25.999"></status>
</kw>
<kw name="End Web Test" library="Common" type="teardown">
<kw name="Close Browser" library="SeleniumLibrary">
<doc>Closes the current browser.</doc>
<status status="PASS" starttime="20190130 19:34:26.000" endtime="20190130 19:34:26.067"></status>
</kw>
<status status="PASS" starttime="20190130 19:34:25.999" endtime="20190130 19:34:26.067"></status>
</kw>
<status status="PASS" starttime="20190130 19:34:19.290" endtime="20190130 19:34:26.067" critical="yes"></status>
</test>
<test id="s1-t6" name="Add An Employee">
<kw name="Begin Web Test" library="Common" type="setup">
<kw name="Open Browser" library="SeleniumLibrary">
<doc>Opens a new browser instance to the given ``url``.</doc>
<arguments>
<arg>about:blank</arg>
<arg>${BROWSER}</arg>
</arguments>
<msg timestamp="20190130 19:34:26.069" level="INFO">Opening browser 'chrome' to base url 'about:blank'.</msg>
<status status="PASS" starttime="20190130 19:34:26.068" endtime="20190130 19:34:27.843"></status>
</kw>
<status status="PASS" starttime="20190130 19:34:26.068" endtime="20190130 19:34:27.843"></status>
</kw>
<kw name="Log To Console" library="BuiltIn">
<doc>Logs the given message to the console.</doc>
<arguments>
<arg>Add An Employee</arg>
</arguments>
<status status="PASS" starttime="20190130 19:34:27.844" endtime="20190130 19:34:27.844"></status>
</kw>
<kw name="Navigate to Login Page" library="DashboardWorkflow">
<tags>
<tag>Go to Paylocity QA Challenge</tag>
</tags>
<kw name="Log To Console" library="BuiltIn">
<doc>Logs the given message to the console.</doc>
<arguments>
<arg>Navigating to the QA Challenge</arg>
</arguments>
<status status="PASS" starttime="20190130 19:34:27.845" endtime="20190130 19:34:27.846"></status>
</kw>
<kw name="Go To" library="SeleniumLibrary">
<doc>Navigates the active browser instance to the provided ``url``.</doc>
<arguments>
<arg>${QAChallenge}</arg>
</arguments>
<msg timestamp="20190130 19:34:27.846" level="INFO">Opening url 'file:///Users/ronharley/Downloads/Paylocity%20QA%20Interview%20Challenge/login.html'</msg>
<status status="PASS" starttime="20190130 19:34:27.846" endtime="20190130 19:34:28.086"></status>
</kw>
<kw name="Maximize Browser Window" library="SeleniumLibrary">
<doc>Maximizes current browser window.</doc>
<status status="PASS" starttime="20190130 19:34:28.086" endtime="20190130 19:34:28.232"></status>
</kw>
<kw name="Capture Page Screenshot" library="SeleniumLibrary">
<doc>Takes screenshot of the current page and embeds it into log file.</doc>
<msg timestamp="20190130 19:34:28.745" level="INFO" html="yes">&lt;/td&gt;&lt;/tr&gt;&lt;tr&gt;&lt;td colspan="3"&gt;&lt;a href="selenium-screenshot-61.png"&gt;&lt;img src="selenium-screenshot-61.png" width="800px"&gt;&lt;/a&gt;</msg>
<status status="PASS" starttime="20190130 19:34:28.232" endtime="20190130 19:34:28.745"></status>
</kw>
<status status="PASS" starttime="20190130 19:34:27.845" endtime="20190130 19:34:28.745"></status>
</kw>
<kw name="Enter Valid Credentials" library="DashboardWorkflow">
<tags>
<tag>Enter Valid Credentials</tag>
</tags>
<kw name="Log To Console" library="BuiltIn">
<doc>Logs the given message to the console.</doc>
<arguments>
<arg>Submitting w/ valid credentials</arg>
</arguments>
<status status="PASS" starttime="20190130 19:34:28.746" endtime="20190130 19:34:28.746"></status>
</kw>
<kw name="Click Element" library="SeleniumLibrary">
<doc>Click element identified by ``locator``.</doc>
<arguments>
<arg>${UserNameField}</arg>
</arguments>
<msg timestamp="20190130 19:34:28.746" level="INFO">Clicking element '//input[@name='form-username']'.</msg>
<status status="PASS" starttime="20190130 19:34:28.746" endtime="20190130 19:34:28.802"></status>
</kw>
<kw name="Input Text" library="SeleniumLibrary">
<doc>Types the given ``text`` into text field identified by ``locator``.</doc>
<arguments>
<arg>${UserNameField}</arg>
<arg>testUser</arg>
</arguments>
<msg timestamp="20190130 19:34:28.803" level="INFO">Typing text 'testUser' into text field '//input[@name='form-username']'.</msg>
<status status="PASS" starttime="20190130 19:34:28.802" endtime="20190130 19:34:28.888"></status>
</kw>
<kw name="Click Element" library="SeleniumLibrary">
<doc>Click element identified by ``locator``.</doc>
<arguments>
<arg>${PasswordField}</arg>
</arguments>
<msg timestamp="20190130 19:34:28.889" level="INFO">Clicking element '//input[@name='form-password']'.</msg>
<status status="PASS" starttime="20190130 19:34:28.889" endtime="20190130 19:34:28.954"></status>
</kw>
<kw name="Input Text" library="SeleniumLibrary">
<doc>Types the given ``text`` into text field identified by ``locator``.</doc>
<arguments>
<arg>${PasswordField}</arg>
<arg>Test1234</arg>
</arguments>
<msg timestamp="20190130 19:34:28.954" level="INFO">Typing text 'Test1234' into text field '//input[@name='form-password']'.</msg>
<status status="PASS" starttime="20190130 19:34:28.954" endtime="20190130 19:34:29.010"></status>
</kw>
<kw name="Click Button" library="SeleniumLibrary">
<doc>Clicks button identified by ``locator``.</doc>
<arguments>
<arg>${LoginButton}</arg>
</arguments>
<msg timestamp="20190130 19:34:29.011" level="INFO">Clicking button '//button[@type='submit'][contains(.,'Login')]'.</msg>
<status status="PASS" starttime="20190130 19:34:29.010" endtime="20190130 19:34:29.204"></status>
</kw>
<status status="PASS" starttime="20190130 19:34:28.746" endtime="20190130 19:34:29.204"></status>
</kw>
<kw name="Add An Employee" library="DashboardWorkflow">
<tags>
<tag>Add An Employee</tag>
</tags>
<kw name="Evaluate" library="BuiltIn">
<doc>Evaluates the given expression in Python and returns the results.</doc>
<arguments>
<arg>${EmployeeBeneCost} / ${PayChecks}</arg>
</arguments>
<assign>
<var>${BeneCost1}</var>
</assign>
<msg timestamp="20190130 19:34:29.205" level="INFO">${BeneCost1} = 38.46153846153846</msg>
<status status="PASS" starttime="20190130 19:34:29.205" endtime="20190130 19:34:29.205"></status>
</kw>
<kw name="Evaluate" library="BuiltIn">
<doc>Evaluates the given expression in Python and returns the results.</doc>
<arguments>
<arg>${GrossPay} - ${BeneCost1}</arg>
</arguments>
<assign>
<var>${NetPay1}</var>
</assign>
<msg timestamp="20190130 19:34:29.206" level="INFO">${NetPay1} = 1961.5384615384614</msg>
<status status="PASS" starttime="20190130 19:34:29.205" endtime="20190130 19:34:29.206"></status>
</kw>
<kw name="Convert To Number" library="BuiltIn">
<doc>Converts the given item to a floating point number.</doc>
<arguments>
<arg>${NetPay1}</arg>
<arg>2</arg>
</arguments>
<assign>
<var>${NetPay1}</var>
</assign>
<msg timestamp="20190130 19:34:29.206" level="INFO">${NetPay1} = 1961.54</msg>
<status status="PASS" starttime="20190130 19:34:29.206" endtime="20190130 19:34:29.206"></status>
</kw>
<kw name="Log To Console" library="BuiltIn">
<doc>Logs the given message to the console.</doc>
<arguments>
<arg>Add An Employee</arg>
</arguments>
<status status="PASS" starttime="20190130 19:34:29.206" endtime="20190130 19:34:29.207"></status>
</kw>
<kw name="Wait Until Element Is Visible" library="SeleniumLibrary">
<doc>Waits until element ``locator`` is visible.</doc>
<arguments>
<arg>${BenefitsDashboardHeader}</arg>
<arg>5</arg>
</arguments>
<status status="PASS" starttime="20190130 19:34:29.207" endtime="20190130 19:34:29.229"></status>
</kw>
<kw name="Click Button" library="SeleniumLibrary">
<doc>Clicks button identified by ``locator``.</doc>
<arguments>
<arg>${AddEmployeeButton}</arg>
</arguments>
<msg timestamp="20190130 19:34:29.230" level="INFO">Clicking button '//button[@type='button'][contains(.,'Add Employee')]'.</msg>
<status status="PASS" starttime="20190130 19:34:29.230" endtime="20190130 19:34:29.289"></status>
</kw>
<kw name="Wait Until Element Is Visible" library="SeleniumLibrary">
<doc>Waits until element ``locator`` is visible.</doc>
<arguments>
<arg>${AddEmployeeHeader}</arg>
</arguments>
<status status="PASS" starttime="20190130 19:34:29.289" endtime="20190130 19:34:29.527"></status>
</kw>
<kw name="Click Element" library="SeleniumLibrary">
<doc>Click element identified by ``locator``.</doc>
<arguments>
<arg>${AddFirstName}</arg>
</arguments>
<msg timestamp="20190130 19:34:29.528" level="INFO">Clicking element '(//input[contains(@type,'text')])[1]'.</msg>
<status status="PASS" starttime="20190130 19:34:29.528" endtime="20190130 19:34:29.593"></status>
</kw>
<kw name="Input Text" library="SeleniumLibrary">
<doc>Types the given ``text`` into text field identified by ``locator``.</doc>
<arguments>
<arg>${AddFirstName}</arg>
<arg>Hello</arg>
</arguments>
<msg timestamp="20190130 19:34:29.594" level="INFO">Typing text 'Hello' into text field '(//input[contains(@type,'text')])[1]'.</msg>
<status status="PASS" starttime="20190130 19:34:29.594" endtime="20190130 19:34:29.647"></status>
</kw>
<kw name="Click Element" library="SeleniumLibrary">
<doc>Click element identified by ``locator``.</doc>
<arguments>
<arg>${AddLastName}</arg>
</arguments>
<msg timestamp="20190130 19:34:29.648" level="INFO">Clicking element '(//input[contains(@type,'text')])[2]'.</msg>
<status status="PASS" starttime="20190130 19:34:29.647" endtime="20190130 19:34:29.705"></status>
</kw>
<kw name="Input Text" library="SeleniumLibrary">
<doc>Types the given ``text`` into text field identified by ``locator``.</doc>
<arguments>
<arg>${AddLastName}</arg>
<arg>World</arg>
</arguments>
<msg timestamp="20190130 19:34:29.706" level="INFO">Typing text 'World' into text field '(//input[contains(@type,'text')])[2]'.</msg>
<status status="PASS" starttime="20190130 19:34:29.705" endtime="20190130 19:34:29.758"></status>
</kw>
<kw name="Click Button" library="SeleniumLibrary">
<doc>Clicks button identified by ``locator``.</doc>
<arguments>
<arg>${SubmitButton}</arg>
</arguments>
<msg timestamp="20190130 19:34:29.758" level="INFO">Clicking button '//button[@type='button'][contains(.,'Submit')]'.</msg>
<status status="PASS" starttime="20190130 19:34:29.758" endtime="20190130 19:34:29.825"></status>
</kw>
<kw name="Should Be Equal As Numbers" library="BuiltIn">
<doc>Fails if objects are unequal after converting them to real numbers.</doc>
<arguments>
<arg>${NetPay1}</arg>
<arg>1961.54</arg>
</arguments>
<msg timestamp="20190130 19:34:29.825" level="INFO">Argument types are:
&lt;class 'float'&gt;
&lt;type 'unicode'&gt;</msg>
<status status="PASS" starttime="20190130 19:34:29.825" endtime="20190130 19:34:29.825"></status>
</kw>
<kw name="Element Should Be Visible" library="SeleniumLibrary">
<doc>Verifies that the element identified by ``locator`` is visible.</doc>
<arguments>
<arg>//td[contains(.,'1961.54')]</arg>
<arg>5</arg>
</arguments>
<msg timestamp="20190130 19:34:29.849" level="INFO">Element '//td[contains(.,'1961.54')]' is displayed.</msg>
<status status="PASS" starttime="20190130 19:34:29.825" endtime="20190130 19:34:29.849"></status>
</kw>
<kw name="Capture Page Screenshot" library="SeleniumLibrary">
<doc>Takes screenshot of the current page and embeds it into log file.</doc>
<msg timestamp="20190130 19:34:30.308" level="INFO" html="yes">&lt;/td&gt;&lt;/tr&gt;&lt;tr&gt;&lt;td colspan="3"&gt;&lt;a href="selenium-screenshot-62.png"&gt;&lt;img src="selenium-screenshot-62.png" width="800px"&gt;&lt;/a&gt;</msg>
<status status="PASS" starttime="20190130 19:34:29.849" endtime="20190130 19:34:30.309"></status>
</kw>
<status status="PASS" starttime="20190130 19:34:29.205" endtime="20190130 19:34:30.309"></status>
</kw>
<kw name="End Web Test" library="Common" type="teardown">
<kw name="Close Browser" library="SeleniumLibrary">
<doc>Closes the current browser.</doc>
<status status="PASS" starttime="20190130 19:34:30.309" endtime="20190130 19:34:30.376"></status>
</kw>
<status status="PASS" starttime="20190130 19:34:30.309" endtime="20190130 19:34:30.376"></status>
</kw>
<status status="PASS" starttime="20190130 19:34:26.068" endtime="20190130 19:34:30.376" critical="yes"></status>
</test>
<test id="s1-t7" name="Edit An Employee w/ Dependants">
<kw name="Begin Web Test" library="Common" type="setup">
<kw name="Open Browser" library="SeleniumLibrary">
<doc>Opens a new browser instance to the given ``url``.</doc>
<arguments>
<arg>about:blank</arg>
<arg>${BROWSER}</arg>
</arguments>
<msg timestamp="20190130 19:34:30.378" level="INFO">Opening browser 'chrome' to base url 'about:blank'.</msg>
<status status="PASS" starttime="20190130 19:34:30.378" endtime="20190130 19:34:32.145"></status>
</kw>
<status status="PASS" starttime="20190130 19:34:30.377" endtime="20190130 19:34:32.145"></status>
</kw>
<kw name="Log To Console" library="BuiltIn">
<doc>Logs the given message to the console.</doc>
<arguments>
<arg>Edit An Employee w/ Dependants</arg>
</arguments>
<status status="PASS" starttime="20190130 19:34:32.146" endtime="20190130 19:34:32.146"></status>
</kw>
<kw name="Navigate to Login Page" library="DashboardWorkflow">
<tags>
<tag>Go to Paylocity QA Challenge</tag>
</tags>
<kw name="Log To Console" library="BuiltIn">
<doc>Logs the given message to the console.</doc>
<arguments>
<arg>Navigating to the QA Challenge</arg>
</arguments>
<status status="PASS" starttime="20190130 19:34:32.147" endtime="20190130 19:34:32.148"></status>
</kw>
<kw name="Go To" library="SeleniumLibrary">
<doc>Navigates the active browser instance to the provided ``url``.</doc>
<arguments>
<arg>${QAChallenge}</arg>
</arguments>
<msg timestamp="20190130 19:34:32.148" level="INFO">Opening url 'file:///Users/ronharley/Downloads/Paylocity%20QA%20Interview%20Challenge/login.html'</msg>
<status status="PASS" starttime="20190130 19:34:32.148" endtime="20190130 19:34:32.390"></status>
</kw>
<kw name="Maximize Browser Window" library="SeleniumLibrary">
<doc>Maximizes current browser window.</doc>
<status status="PASS" starttime="20190130 19:34:32.390" endtime="20190130 19:34:32.537"></status>
</kw>
<kw name="Capture Page Screenshot" library="SeleniumLibrary">
<doc>Takes screenshot of the current page and embeds it into log file.</doc>
<msg timestamp="20190130 19:34:33.055" level="INFO" html="yes">&lt;/td&gt;&lt;/tr&gt;&lt;tr&gt;&lt;td colspan="3"&gt;&lt;a href="selenium-screenshot-63.png"&gt;&lt;img src="selenium-screenshot-63.png" width="800px"&gt;&lt;/a&gt;</msg>
<status status="PASS" starttime="20190130 19:34:32.538" endtime="20190130 19:34:33.055"></status>
</kw>
<status status="PASS" starttime="20190130 19:34:32.147" endtime="20190130 19:34:33.056"></status>
</kw>
<kw name="Enter Valid Credentials" library="DashboardWorkflow">
<tags>
<tag>Enter Valid Credentials</tag>
</tags>
<kw name="Log To Console" library="BuiltIn">
<doc>Logs the given message to the console.</doc>
<arguments>
<arg>Submitting w/ valid credentials</arg>
</arguments>
<status status="PASS" starttime="20190130 19:34:33.056" endtime="20190130 19:34:33.056"></status>
</kw>
<kw name="Click Element" library="SeleniumLibrary">
<doc>Click element identified by ``locator``.</doc>
<arguments>
<arg>${UserNameField}</arg>
</arguments>
<msg timestamp="20190130 19:34:33.057" level="INFO">Clicking element '//input[@name='form-username']'.</msg>
<status status="PASS" starttime="20190130 19:34:33.056" endtime="20190130 19:34:33.111"></status>
</kw>
<kw name="Input Text" library="SeleniumLibrary">
<doc>Types the given ``text`` into text field identified by ``locator``.</doc>
<arguments>
<arg>${UserNameField}</arg>
<arg>testUser</arg>
</arguments>
<msg timestamp="20190130 19:34:33.111" level="INFO">Typing text 'testUser' into text field '//input[@name='form-username']'.</msg>
<status status="PASS" starttime="20190130 19:34:33.111" endtime="20190130 19:34:33.201"></status>
</kw>
<kw name="Click Element" library="SeleniumLibrary">
<doc>Click element identified by ``locator``.</doc>
<arguments>
<arg>${PasswordField}</arg>
</arguments>
<msg timestamp="20190130 19:34:33.202" level="INFO">Clicking element '//input[@name='form-password']'.</msg>
<status status="PASS" starttime="20190130 19:34:33.201" endtime="20190130 19:34:33.252"></status>
</kw>
<kw name="Input Text" library="SeleniumLibrary">
<doc>Types the given ``text`` into text field identified by ``locator``.</doc>
<arguments>
<arg>${PasswordField}</arg>
<arg>Test1234</arg>
</arguments>
<msg timestamp="20190130 19:34:33.253" level="INFO">Typing text 'Test1234' into text field '//input[@name='form-password']'.</msg>
<status status="PASS" starttime="20190130 19:34:33.252" endtime="20190130 19:34:33.310"></status>
</kw>
<kw name="Click Button" library="SeleniumLibrary">
<doc>Clicks button identified by ``locator``.</doc>
<arguments>
<arg>${LoginButton}</arg>
</arguments>
<msg timestamp="20190130 19:34:33.310" level="INFO">Clicking button '//button[@type='submit'][contains(.,'Login')]'.</msg>
<status status="PASS" starttime="20190130 19:34:33.310" endtime="20190130 19:34:33.479"></status>
</kw>
<status status="PASS" starttime="20190130 19:34:33.056" endtime="20190130 19:34:33.479"></status>
</kw>
<kw name="Edit An Employee w/ Dependants" library="DashboardWorkflow">
<tags>
<tag>Edit An Employee w/ Dependants</tag>
</tags>
<kw name="Log To Console" library="BuiltIn">
<doc>Logs the given message to the console.</doc>
<arguments>
<arg>Edit An Employee w/ Dependants</arg>
</arguments>
<status status="PASS" starttime="20190130 19:34:33.480" endtime="20190130 19:34:33.480"></status>
</kw>
<kw name="Wait Until Element Is Visible" library="SeleniumLibrary">
<doc>Waits until element ``locator`` is visible.</doc>
<arguments>
<arg>${EditEmployee}</arg>
<arg>4</arg>
</arguments>
<status status="PASS" starttime="20190130 19:34:33.480" endtime="20190130 19:34:33.503"></status>
</kw>
<kw name="Wait Until Element Is Visible" library="SeleniumLibrary">
<doc>Waits until element ``locator`` is visible.</doc>
<arguments>
<arg>${1Dependant}</arg>
<arg>4</arg>
</arguments>
<status status="PASS" starttime="20190130 19:34:33.504" endtime="20190130 19:34:33.524"></status>
</kw>
<kw name="Element Should Be Visible" library="SeleniumLibrary">
<doc>Verifies that the element identified by ``locator`` is visible.</doc>
<arguments>
<arg>${1DependantBeneCost}</arg>
</arguments>
<msg timestamp="20190130 19:34:33.545" level="INFO">Element '(//td[contains(.,'57.69')])[1]' is displayed.</msg>
<status status="PASS" starttime="20190130 19:34:33.524" endtime="20190130 19:34:33.545"></status>
</kw>
<kw name="Click Element" library="SeleniumLibrary">
<doc>Click element identified by ``locator``.</doc>
<arguments>
<arg>${EditEmployee}</arg>
</arguments>
<msg timestamp="20190130 19:34:33.546" level="INFO">Clicking element '//span[contains(@class,'glyphicon glyphicon-wrench')]'.</msg>
<status status="PASS" starttime="20190130 19:34:33.545" endtime="20190130 19:34:33.587"></status>
</kw>
<kw name="Wait Until Element Is Visible" library="SeleniumLibrary">
<doc>Waits until element ``locator`` is visible.</doc>
<arguments>
<arg>${AddEmployeeHeader}</arg>
</arguments>
<status status="PASS" starttime="20190130 19:34:33.588" endtime="20190130 19:34:33.828"></status>
</kw>
<kw name="Click Element" library="SeleniumLibrary">
<doc>Click element identified by ``locator``.</doc>
<arguments>
<arg>${DependantsField}</arg>
</arguments>
<msg timestamp="20190130 19:34:33.828" level="INFO">Clicking element '(//input[contains(@type,'text')])[3]'.</msg>
<status status="PASS" starttime="20190130 19:34:33.828" endtime="20190130 19:34:33.890"></status>
</kw>
<kw name="Input Text" library="SeleniumLibrary">
<doc>Types the given ``text`` into text field identified by ``locator``.</doc>
<arguments>
<arg>${DependantsField}</arg>
<arg>3</arg>
</arguments>
<msg timestamp="20190130 19:34:33.891" level="INFO">Typing text '3' into text field '(//input[contains(@type,'text')])[3]'.</msg>
<status status="PASS" starttime="20190130 19:34:33.890" endtime="20190130 19:34:33.939"></status>
</kw>
<kw name="Click Button" library="SeleniumLibrary">
<doc>Clicks button identified by ``locator``.</doc>
<arguments>
<arg>${SubmitButton}</arg>
</arguments>
<msg timestamp="20190130 19:34:33.939" level="INFO">Clicking button '//button[@type='button'][contains(.,'Submit')]'.</msg>
<status status="PASS" starttime="20190130 19:34:33.939" endtime="20190130 19:34:34.008"></status>
</kw>
<kw name="Wait Until Element Is Visible" library="SeleniumLibrary">
<doc>Waits until element ``locator`` is visible.</doc>
<arguments>
<arg>${3Dependants}</arg>
<arg>4</arg>
</arguments>
<status status="PASS" starttime="20190130 19:34:34.008" endtime="20190130 19:34:34.031"></status>
</kw>
<kw name="Element Should Be Visible" library="SeleniumLibrary">
<doc>Verifies that the element identified by ``locator`` is visible.</doc>
<arguments>
<arg>${3DependantsBeneCost}</arg>
<arg>4</arg>
</arguments>
<msg timestamp="20190130 19:34:34.053" level="INFO">Element '(//td[contains(.,'96.15')])[1]' is displayed.</msg>
<status status="PASS" starttime="20190130 19:34:34.031" endtime="20190130 19:34:34.053"></status>
</kw>
<kw name="Capture Page Screenshot" library="SeleniumLibrary">
<doc>Takes screenshot of the current page and embeds it into log file.</doc>
<msg timestamp="20190130 19:34:34.502" level="INFO" html="yes">&lt;/td&gt;&lt;/tr&gt;&lt;tr&gt;&lt;td colspan="3"&gt;&lt;a href="selenium-screenshot-64.png"&gt;&lt;img src="selenium-screenshot-64.png" width="800px"&gt;&lt;/a&gt;</msg>
<status status="PASS" starttime="20190130 19:34:34.053" endtime="20190130 19:34:34.502"></status>
</kw>
<status status="PASS" starttime="20190130 19:34:33.480" endtime="20190130 19:34:34.502"></status>
</kw>
<kw name="End Web Test" library="Common" type="teardown">
<kw name="Close Browser" library="SeleniumLibrary">
<doc>Closes the current browser.</doc>
<status status="PASS" starttime="20190130 19:34:34.503" endtime="20190130 19:34:34.570"></status>
</kw>
<status status="PASS" starttime="20190130 19:34:34.503" endtime="20190130 19:34:34.571"></status>
</kw>
<status status="PASS" starttime="20190130 19:34:30.377" endtime="20190130 19:34:34.571" critical="yes"></status>
</test>
<test id="s1-t8" name="Add An Employee w/ Dependants">
<kw name="Begin Web Test" library="Common" type="setup">
<kw name="Open Browser" library="SeleniumLibrary">
<doc>Opens a new browser instance to the given ``url``.</doc>
<arguments>
<arg>about:blank</arg>
<arg>${BROWSER}</arg>
</arguments>
<msg timestamp="20190130 19:34:34.572" level="INFO">Opening browser 'chrome' to base url 'about:blank'.</msg>
<status status="PASS" starttime="20190130 19:34:34.572" endtime="20190130 19:34:36.353"></status>
</kw>
<status status="PASS" starttime="20190130 19:34:34.572" endtime="20190130 19:34:36.354"></status>
</kw>
<kw name="Log To Console" library="BuiltIn">
<doc>Logs the given message to the console.</doc>
<arguments>
<arg>Add An Employee w/ Dependants</arg>
</arguments>
<status status="PASS" starttime="20190130 19:34:36.354" endtime="20190130 19:34:36.355"></status>
</kw>
<kw name="Navigate to Login Page" library="DashboardWorkflow">
<tags>
<tag>Go to Paylocity QA Challenge</tag>
</tags>
<kw name="Log To Console" library="BuiltIn">
<doc>Logs the given message to the console.</doc>
<arguments>
<arg>Navigating to the QA Challenge</arg>
</arguments>
<status status="PASS" starttime="20190130 19:34:36.355" endtime="20190130 19:34:36.355"></status>
</kw>
<kw name="Go To" library="SeleniumLibrary">
<doc>Navigates the active browser instance to the provided ``url``.</doc>
<arguments>
<arg>${QAChallenge}</arg>
</arguments>
<msg timestamp="20190130 19:34:36.356" level="INFO">Opening url 'file:///Users/ronharley/Downloads/Paylocity%20QA%20Interview%20Challenge/login.html'</msg>
<status status="PASS" starttime="20190130 19:34:36.356" endtime="20190130 19:34:36.541"></status>
</kw>
<kw name="Maximize Browser Window" library="SeleniumLibrary">
<doc>Maximizes current browser window.</doc>
<status status="PASS" starttime="20190130 19:34:36.542" endtime="20190130 19:34:36.835"></status>
</kw>
<kw name="Capture Page Screenshot" library="SeleniumLibrary">
<doc>Takes screenshot of the current page and embeds it into log file.</doc>
<msg timestamp="20190130 19:34:37.354" level="INFO" html="yes">&lt;/td&gt;&lt;/tr&gt;&lt;tr&gt;&lt;td colspan="3"&gt;&lt;a href="selenium-screenshot-65.png"&gt;&lt;img src="selenium-screenshot-65.png" width="800px"&gt;&lt;/a&gt;</msg>
<status status="PASS" starttime="20190130 19:34:36.835" endtime="20190130 19:34:37.354"></status>
</kw>
<status status="PASS" starttime="20190130 19:34:36.355" endtime="20190130 19:34:37.354"></status>
</kw>
<kw name="Enter Valid Credentials" library="DashboardWorkflow">
<tags>
<tag>Enter Valid Credentials</tag>
</tags>
<kw name="Log To Console" library="BuiltIn">
<doc>Logs the given message to the console.</doc>
<arguments>
<arg>Submitting w/ valid credentials</arg>
</arguments>
<status status="PASS" starttime="20190130 19:34:37.355" endtime="20190130 19:34:37.355"></status>
</kw>
<kw name="Click Element" library="SeleniumLibrary">
<doc>Click element identified by ``locator``.</doc>
<arguments>
<arg>${UserNameField}</arg>
</arguments>
<msg timestamp="20190130 19:34:37.355" level="INFO">Clicking element '//input[@name='form-username']'.</msg>
<status status="PASS" starttime="20190130 19:34:37.355" endtime="20190130 19:34:37.409"></status>
</kw>
<kw name="Input Text" library="SeleniumLibrary">
<doc>Types the given ``text`` into text field identified by ``locator``.</doc>
<arguments>
<arg>${UserNameField}</arg>
<arg>testUser</arg>
</arguments>
<msg timestamp="20190130 19:34:37.410" level="INFO">Typing text 'testUser' into text field '//input[@name='form-username']'.</msg>
<status status="PASS" starttime="20190130 19:34:37.410" endtime="20190130 19:34:37.495"></status>
</kw>
<kw name="Click Element" library="SeleniumLibrary">
<doc>Click element identified by ``locator``.</doc>
<arguments>
<arg>${PasswordField}</arg>
</arguments>
<msg timestamp="20190130 19:34:37.495" level="INFO">Clicking element '//input[@name='form-password']'.</msg>
<status status="PASS" starttime="20190130 19:34:37.495" endtime="20190130 19:34:37.552"></status>
</kw>
<kw name="Input Text" library="SeleniumLibrary">
<doc>Types the given ``text`` into text field identified by ``locator``.</doc>
<arguments>
<arg>${PasswordField}</arg>
<arg>Test1234</arg>
</arguments>
<msg timestamp="20190130 19:34:37.553" level="INFO">Typing text 'Test1234' into text field '//input[@name='form-password']'.</msg>
<status status="PASS" starttime="20190130 19:34:37.552" endtime="20190130 19:34:37.610"></status>
</kw>
<kw name="Click Button" library="SeleniumLibrary">
<doc>Clicks button identified by ``locator``.</doc>
<arguments>
<arg>${LoginButton}</arg>
</arguments>
<msg timestamp="20190130 19:34:37.610" level="INFO">Clicking button '//button[@type='submit'][contains(.,'Login')]'.</msg>
<status status="PASS" starttime="20190130 19:34:37.610" endtime="20190130 19:34:37.774"></status>
</kw>
<status status="PASS" starttime="20190130 19:34:37.355" endtime="20190130 19:34:37.775"></status>
</kw>
<kw name="Add An Employee w/ Dependants" library="DashboardWorkflow">
<tags>
<tag>Add An Employee w/ Dependants</tag>
</tags>
<arguments>
<arg>4</arg>
</arguments>
<kw name="Set Variable" library="BuiltIn">
<doc>Returns the given values which can then be assigned to a variables.</doc>
<arguments>
<arg>${Dependants}</arg>
</arguments>
<assign>
<var>${DependantCount}</var>
</assign>
<msg timestamp="20190130 19:34:37.775" level="INFO">${DependantCount} = 4</msg>
<status status="PASS" starttime="20190130 19:34:37.775" endtime="20190130 19:34:37.775"></status>
</kw>
<kw name="Evaluate" library="BuiltIn">
<doc>Evaluates the given expression in Python and returns the results.</doc>
<arguments>
<arg>${DependantBeneCost} / ${PayChecks}</arg>
</arguments>
<assign>
<var>${BeneDepCostPerWeek}</var>
</assign>
<msg timestamp="20190130 19:34:37.776" level="INFO">${BeneDepCostPerWeek} = 19.23076923076923</msg>
<status status="PASS" starttime="20190130 19:34:37.776" endtime="20190130 19:34:37.776"></status>
</kw>
<kw name="Convert To Number" library="BuiltIn">
<doc>Converts the given item to a floating point number.</doc>
<arguments>
<arg>${BeneDepCostPerWeek}</arg>
<arg>2</arg>
</arguments>
<assign>
<var>${BeneDepCostPerWeek}</var>
</assign>
<msg timestamp="20190130 19:34:37.776" level="INFO">${BeneDepCostPerWeek} = 19.23</msg>
<status status="PASS" starttime="20190130 19:34:37.776" endtime="20190130 19:34:37.776"></status>
</kw>
<kw name="Evaluate" library="BuiltIn">
<doc>Evaluates the given expression in Python and returns the results.</doc>
<arguments>
<arg>${BeneDepCostPerWeek} * ${DependantCount}</arg>
</arguments>
<assign>
<var>${NumDepCost}</var>
</assign>
<msg timestamp="20190130 19:34:37.777" level="INFO">${NumDepCost} = 76.92</msg>
<status status="PASS" starttime="20190130 19:34:37.776" endtime="20190130 19:34:37.777"></status>
</kw>
<kw name="Convert To Number" library="BuiltIn">
<doc>Converts the given item to a floating point number.</doc>
<arguments>
<arg>${NumDepCost}</arg>
<arg>2</arg>
</arguments>
<assign>
<var>${NumDepCost}</var>
</assign>
<msg timestamp="20190130 19:34:37.777" level="INFO">${NumDepCost} = 76.92</msg>
<status status="PASS" starttime="20190130 19:34:37.777" endtime="20190130 19:34:37.777"></status>
</kw>
<kw name="Evaluate" library="BuiltIn">
<doc>Evaluates the given expression in Python and returns the results.</doc>
<arguments>
<arg>${GrossPay} - ${DailyEmployeeBeneCost} - ${NumDepCost}</arg>
</arguments>
<assign>
<var>${NetPayDep}</var>
</assign>
<msg timestamp="20190130 19:34:37.777" level="INFO">${NetPayDep} = 1884.62</msg>
<status status="PASS" starttime="20190130 19:34:37.777" endtime="20190130 19:34:37.778"></status>
</kw>
<kw name="Log To Console" library="BuiltIn">
<doc>Logs the given message to the console.</doc>
<arguments>
<arg>Add An Employee w/ Dependants</arg>
</arguments>
<status status="PASS" starttime="20190130 19:34:37.778" endtime="20190130 19:34:37.778"></status>
</kw>
<kw name="Click Button" library="SeleniumLibrary">
<doc>Clicks button identified by ``locator``.</doc>
<arguments>
<arg>${AddEmployeeButton}</arg>
</arguments>
<msg timestamp="20190130 19:34:37.778" level="INFO">Clicking button '//button[@type='button'][contains(.,'Add Employee')]'.</msg>
<status status="PASS" starttime="20190130 19:34:37.778" endtime="20190130 19:34:37.842"></status>
</kw>
<kw name="Wait Until Element Is Visible" library="SeleniumLibrary">
<doc>Waits until element ``locator`` is visible.</doc>
<arguments>
<arg>${AddEmployeeHeader}</arg>
</arguments>
<status status="PASS" starttime="20190130 19:34:37.843" endtime="20190130 19:34:38.081"></status>
</kw>
<kw name="Click Element" library="SeleniumLibrary">
<doc>Click element identified by ``locator``.</doc>
<arguments>
<arg>${AddFirstName}</arg>
</arguments>
<msg timestamp="20190130 19:34:38.082" level="INFO">Clicking element '(//input[contains(@type,'text')])[1]'.</msg>
<status status="PASS" starttime="20190130 19:34:38.082" endtime="20190130 19:34:38.140"></status>
</kw>
<kw name="Input Text" library="SeleniumLibrary">
<doc>Types the given ``text`` into text field identified by ``locator``.</doc>
<arguments>
<arg>${AddFirstName}</arg>
<arg>Hello</arg>
</arguments>
<msg timestamp="20190130 19:34:38.140" level="INFO">Typing text 'Hello' into text field '(//input[contains(@type,'text')])[1]'.</msg>
<status status="PASS" starttime="20190130 19:34:38.140" endtime="20190130 19:34:38.191"></status>
</kw>
<kw name="Click Element" library="SeleniumLibrary">
<doc>Click element identified by ``locator``.</doc>
<arguments>
<arg>${AddLastName}</arg>
</arguments>
<msg timestamp="20190130 19:34:38.192" level="INFO">Clicking element '(//input[contains(@type,'text')])[2]'.</msg>
<status status="PASS" starttime="20190130 19:34:38.191" endtime="20190130 19:34:38.237"></status>
</kw>
<kw name="Input Text" library="SeleniumLibrary">
<doc>Types the given ``text`` into text field identified by ``locator``.</doc>
<arguments>
<arg>${AddLastName}</arg>
<arg>World</arg>
</arguments>
<msg timestamp="20190130 19:34:38.237" level="INFO">Typing text 'World' into text field '(//input[contains(@type,'text')])[2]'.</msg>
<status status="PASS" starttime="20190130 19:34:38.237" endtime="20190130 19:34:38.290"></status>
</kw>
<kw name="Click Element" library="SeleniumLibrary">
<doc>Click element identified by ``locator``.</doc>
<arguments>
<arg>${DependantsField}</arg>
</arguments>
<msg timestamp="20190130 19:34:38.291" level="INFO">Clicking element '(//input[contains(@type,'text')])[3]'.</msg>
<status status="PASS" starttime="20190130 19:34:38.290" endtime="20190130 19:34:38.338"></status>
</kw>
<kw name="Input Text" library="SeleniumLibrary">
<doc>Types the given ``text`` into text field identified by ``locator``.</doc>
<arguments>
<arg>${DependantsField}</arg>
<arg>${DependantCount}</arg>
</arguments>
<msg timestamp="20190130 19:34:38.338" level="INFO">Typing text '4' into text field '(//input[contains(@type,'text')])[3]'.</msg>
<status status="PASS" starttime="20190130 19:34:38.338" endtime="20190130 19:34:38.381"></status>
</kw>
<kw name="Click Button" library="SeleniumLibrary">
<doc>Clicks button identified by ``locator``.</doc>
<arguments>
<arg>${SubmitButton}</arg>
</arguments>
<msg timestamp="20190130 19:34:38.381" level="INFO">Clicking button '//button[@type='button'][contains(.,'Submit')]'.</msg>
<status status="PASS" starttime="20190130 19:34:38.381" endtime="20190130 19:34:38.459"></status>
</kw>
<kw name="Wait Until Element Is Visible" library="SeleniumLibrary">
<doc>Waits until element ``locator`` is visible.</doc>
<arguments>
<arg>${AddDependantVerify}</arg>
<arg>4</arg>
</arguments>
<status status="PASS" starttime="20190130 19:34:38.459" endtime="20190130 19:34:38.482"></status>
</kw>
<kw name="Should Be Equal As Numbers" library="BuiltIn">
<doc>Fails if objects are unequal after converting them to real numbers.</doc>
<arguments>
<arg>${NetPayDep}</arg>
<arg>1884.62</arg>
</arguments>
<msg timestamp="20190130 19:34:38.482" level="INFO">Argument types are:
&lt;class 'float'&gt;
&lt;type 'unicode'&gt;</msg>
<status status="PASS" starttime="20190130 19:34:38.482" endtime="20190130 19:34:38.482"></status>
</kw>
<kw name="Element Should Be Visible" library="SeleniumLibrary">
<doc>Verifies that the element identified by ``locator`` is visible.</doc>
<arguments>
<arg>//td[contains(.,'1884.62')]</arg>
</arguments>
<msg timestamp="20190130 19:34:38.504" level="INFO">Element '//td[contains(.,'1884.62')]' is displayed.</msg>
<status status="PASS" starttime="20190130 19:34:38.483" endtime="20190130 19:34:38.504"></status>
</kw>
<kw name="Capture Page Screenshot" library="SeleniumLibrary">
<doc>Takes screenshot of the current page and embeds it into log file.</doc>
<msg timestamp="20190130 19:34:38.954" level="INFO" html="yes">&lt;/td&gt;&lt;/tr&gt;&lt;tr&gt;&lt;td colspan="3"&gt;&lt;a href="selenium-screenshot-66.png"&gt;&lt;img src="selenium-screenshot-66.png" width="800px"&gt;&lt;/a&gt;</msg>
<status status="PASS" starttime="20190130 19:34:38.504" endtime="20190130 19:34:38.955"></status>
</kw>
<status status="PASS" starttime="20190130 19:34:37.775" endtime="20190130 19:34:38.955"></status>
</kw>
<kw name="End Web Test" library="Common" type="teardown">
<kw name="Close Browser" library="SeleniumLibrary">
<doc>Closes the current browser.</doc>
<status status="PASS" starttime="20190130 19:34:38.955" endtime="20190130 19:34:39.023"></status>
</kw>
<status status="PASS" starttime="20190130 19:34:38.955" endtime="20190130 19:34:39.023"></status>
</kw>
<status status="PASS" starttime="20190130 19:34:34.571" endtime="20190130 19:34:39.023" critical="yes"></status>
</test>
<doc>Paylocity QA Challenge</doc>
<status status="PASS" starttime="20190130 19:34:05.302" endtime="20190130 19:34:39.024"></status>
</suite>
<statistics>
<total>
<stat pass="8" fail="0">Critical Tests</stat>
<stat pass="8" fail="0">All Tests</stat>
</total>
<tag>
</tag>
<suite>
<stat pass="8" fail="0" id="s1" name="Launch">Launch</stat>
</suite>
</statistics>
<errors>
</errors>
</robot>
